0 info it worked if it ends with ok
1 verbose cli [ 'C:\\Program Files\\nodejs\\\\node.exe',
1 verbose cli   'C:\\Program Files\\nodejs\\node_modules\\npm\\bin\\npm-cli.js',
1 verbose cli   'run',
1 verbose cli   'dev' ]
2 info using npm@1.1.59
3 info using node@v0.8.8
4 verbose node symlink C:\Program Files\nodejs\\node.exe
5 verbose read json D:\expense\Expense tracking system\mernbackend\package.json
6 warn package.json mernbackend@1.0.0 No README.md file found!
7 verbose run-script [ 'predev', 'dev', 'postdev' ]
8 info predev mernbackend@1.0.0
9 info dev mernbackend@1.0.0
10 verbose unsafe-perm in lifecycle true
11 silly exec cmd "/c" "nodemon src/app.js -e js,hbs"
12 silly cmd,/c,nodemon src/app.js -e js,hbs,D:\expense\Expense tracking system\mernbackend spawning
13 info mernbackend@1.0.0 Failed to exec dev script
14 error mernbackend@1.0.0 dev: `nodemon src/app.js -e js,hbs`
14 error `cmd "/c" "nodemon src/app.js -e js,hbs"` failed with 1
15 error Failed at the mernbackend@1.0.0 dev script.
15 error This is most likely a problem with the mernbackend package,
15 error not with npm itself.
15 error Tell the author that this fails on your system:
15 error     nodemon src/app.js -e js,hbs
15 error You can get their info via:
15 error     npm owner ls mernbackend
15 error There is likely additional logging output above.
16 error System Windows_NT 6.2.9200
17 error command "C:\\Program Files\\nodejs\\\\node.exe" "C:\\Program Files\\nodejs\\node_modules\\npm\\bin\\npm-cli.js" "run" "dev"
18 error cwd D:\expense\Expense tracking system\mernbackend
19 error node -v v0.8.8
20 error npm -v 1.1.59
21 error code ELIFECYCLE
22 verbose exit [ 1, true ]
